[19:40:17] [Render thread/INFO] [JMLogger] JourneyMap log initialized.
[19:40:17] [Render thread/INFO] [JourneymapClient] initialize ENTER
[19:40:18] [Render thread/INFO] [ClientAPI] [ClientAPI] built with JourneyMap API 1.9-SNAPSHOT
[19:40:18] [Render thread/INFO] [PluginHelper] Initializing plugins with Client API: journeymap.client.api.impl.ClientAPI
[19:40:18] [Render thread/INFO] [PluginHelper] Initialized IClientPlugin: wraith.fwaystones.integration.journeymap.JourneymapPlugin
[19:40:18] [Render thread/ERROR] [FileHandler] Couldn't get resource set from null to null: java.lang.NullPointerException: Cannot invoke "java.net.URL.getProtocol()" because "fileLocation" is null
[19:40:19] [Render thread/INFO] [ThemeLoader] Preloaded theme textures: 0
[19:40:19] [Render thread/INFO] [?] Version: JourneyMap 1.18.2-5.9.8, built with fabric 0.66.0+1.18.2
fabric: 0.14.10
Environment: os.name, os.arch, java.version, user.country, user.language=null, game language=es_ar, locale=en_us
Features: 
	RadarPlayers : singleplayer = true , multiplayer = true
	RadarAnimals : singleplayer = true , multiplayer = true
	RadarMobs : singleplayer = true , multiplayer = true
	RadarVillagers : singleplayer = true , multiplayer = true
	MapTopo : singleplayer = true , multiplayer = true
	MapSurface : singleplayer = true , multiplayer = true
	MapCaves : singleplayer = true , multiplayer = true
	MapBiome : singleplayer = true , multiplayer = true
MiniMapProperties{state=Valid, file=journeymap.minimap.config, configVersion=5.9.8, zoomLevel=0, compassFontScale=1.0, terrainAlpha=100, showEntityNames=true, positionX=0.9, positionY=0.25, effectVertical=false, showPlayerHeading=true, sizePercent=30, playerDisplayScale=1.0, showDayNight=true, showPets=true, preferredMapType=day, showCompass=true, mobDisplay=jm.common.entity_display.dots, systemTimeRealFormat=HH:mm:ss, shape=jm.minimap.shape_circle, showSelf=true, selfDisplayScale=1.0, showGrid=true, reticleOrientation=jm.minimap.orientation.compass, gameTimeRealFormat=HH:mm:ss, effectTranslateX=-109, showWaypoints=true, minimapKeyMovementSpeed=0.001, showAnimals=true, infoSlotAlpha=0.7, effectTranslateY=0, showWaypointLabels=true, moveEffectIcons=true, position=jm.minimap.position_topright, fontScale=1.0, showPlayers=true, waypointIconScale=1.0, frameAlpha=100, effectReversed=false, backgroundAlpha=0.8, enabled=false, showVillagers=true, info2Label=jm.theme.labelsource.gametime, info3Label=jm.theme.labelsource.location, showMobs=true, waypointLabelScale=1.0, showReticle=true, orientation=jm.minimap.orientation.north, info4Label=jm.theme.labelsource.biome, locationFormat=xzyv, playerDisplay=jm.common.entity_display.dots, mobDisplayScale=1.0, showCaves=true, showMobHeading=true, locationFormatVerbose=true, info1Label=jm.theme.labelsource.blank}
MiniMapProperties{state=Valid, file=journeymap.minimap2.config, configVersion=5.9.8, zoomLevel=0, compassFontScale=1.0, terrainAlpha=100, showEntityNames=true, positionX=0.9, positionY=0.25, effectVertical=false, showPlayerHeading=true, sizePercent=30, playerDisplayScale=1.0, showDayNight=true, showPets=true, preferredMapType=day, showCompass=true, mobDisplay=jm.common.entity_display.dots, systemTimeRealFormat=HH:mm:ss, shape=jm.minimap.shape_rectangle, showSelf=true, selfDisplayScale=1.0, showGrid=true, reticleOrientation=jm.minimap.orientation.compass, gameTimeRealFormat=HH:mm:ss, effectTranslateX=0, showWaypoints=true, minimapKeyMovementSpeed=0.001, showAnimals=true, infoSlotAlpha=0.7, effectTranslateY=0, showWaypointLabels=true, moveEffectIcons=true, position=jm.minimap.position_topright, fontScale=1.0, showPlayers=true, waypointIconScale=1.0, frameAlpha=100, effectReversed=false, backgroundAlpha=0.8, enabled=true, showVillagers=true, info2Label=jm.theme.labelsource.gametime, info3Label=jm.theme.labelsource.location, showMobs=true, waypointLabelScale=1.0, showReticle=true, orientation=jm.minimap.orientation.north, info4Label=jm.theme.labelsource.biome, locationFormat=xzyv, playerDisplay=jm.common.entity_display.dots, mobDisplayScale=1.0, showCaves=true, showMobHeading=true, locationFormatVerbose=true, info1Label=jm.theme.labelsource.blank}
FullMapProperties{state=Valid, file=journeymap.fullmap.config, configVersion=5.9.8, zoomLevel=0, showPlayers=true, waypointIconScale=1.0, showEntityNames=true, showPlayerHeading=true, showVillagers=true, showPlayerLoc=true, showKeys=true, playerDisplayScale=1.0, showMobs=true, showPets=true, waypointLabelScale=1.0, preferredMapType=day, mobDisplay=jm.common.entity_display.dots, showSelf=true, locationFormat=xzyv, playerDisplay=jm.common.entity_display.dots, mobDisplayScale=1.0, selfDisplayScale=1.0, showGrid=true, showMouseLoc=true, showWaypoints=true, showCaves=true, showAnimals=true, dragScale=1, showMobHeading=true, showWaypointLabels=true, locationFormatVerbose=true, fontScale=1.0}
WaypointProperties{state=Valid, file=journeymap.waypoint.config, configVersion=5.9.8, autoRemoveDeathpointDistance=2, dateFormat=MM-dd-yyyy, autoRemoveDeathpoints=false, fullscreenDoubleClickToCreate=true, managerDimensionFocus=false, minDistance=4, boldLabel=false, textureSmall=true, showDeathpointlabel=true, beaconEnabled=true, createDeathpoints=true, showName=true, disableStrikeThrough=false, maxDistance=0, autoHideLabel=true, autoRemoveTempWaypoints=2, teleportCommand=/tp {name} {x} {y} {z}, showStaticBeam=true, shaderBeacon=false, timeFormat=HH:mm:ss, showDeviationLabel=false, showDistance=true, showRotatingBeam=true, fontScale=2.0, showTexture=true, managerEnabled=true}
WebMapProperties{state=Valid, file=journeymap.webmap.config, configVersion=5.9.8, port=8080, enabled=false}
CoreProperties{state=Valid, file=journeymap.core.config, configVersion=5.9.8, verboseColorPalette=false, maxPlayersData=32, mapSurfaceAboveCaves=true, dataCachingEnabled=true, optionsManagerViewed=5.9.8, announceMod=true, colorPassive=#bbbbbb, mapBlendWater=false, renderDistanceSurfaceMax=0, seedId=false, radarVerticalDistance=16, mapBlendGrass=true, recordCacheStats=false, hideSneakingEntities=true, revealShape=jm.minimap.shape_circle, mapBiome=true, alwaysMapSurface=false, colorVillager=#88e188, mapPlants=false, colorPet=#0077ff, radarLateralDistance=64, mapBathymetry=false, mapCrops=true, maxMobsData=32, mapPlantShadows=false, alwaysMapCaves=false, checkUpdates=true, mapBlendFoliage=true, hideSpectators=false, mappingEnabled=true, colorPlayer=#ffffff, tileHighDisplayQuality=true, cacheVillagersData=2200, logLevel=INFO, maxVillagersData=32, mapWaterBiomeColors=false, maxAnimalsData=32, mapTransparency=true, caveBlackAsClear=false, tileRenderType=1, caveIgnoreGlass=true, mapTopography=true, renderDistanceCaveMax=0, mapAntialiasing=true, colorSelf=#0000ff, cachePlayersData=2000, cacheMobsData=3000, cachePlayerData=1000, splashViewed=5.9.8, colorHostile=#ff0000, cacheAnimalsData=3100, themeName=OceanMonument, mapCaveLighting=true, renderDelay=2, glErrorChecking=false, autoMapPoll=2000}
[19:40:19] [Render thread/INFO] [JourneymapClient] initialize EXIT, elapsed count 1 avg 2620.37ms
[19:40:19] [Render thread/INFO] [JourneymapClient] postInitialize EXIT, elapsed count 1 avg 9.11ms
[19:42:15] [Render thread/INFO] [ModBlockDelegate] Custom modded block handling enabled for create
[19:42:16] [Render thread/INFO] [ColorManager] Loaded color palette for 829 blockstates in 3526ms
[19:42:16] [Render thread/INFO] [ColorManager] Loaded color palette for 829 blockstates in 108ms
[19:42:16] [Render thread/INFO] [ColorManager] Loaded color palette for 829 blockstates in 83ms
[19:42:16] [Render thread/INFO] [ColorManager] Loaded color palette for 829 blockstates in 74ms
[19:42:16] [Render thread/INFO] [ColorManager] Loaded color palette for 829 blockstates in 78ms
[19:42:16] [Render thread/INFO] [ColorManager] Loaded color palette for 829 blockstates in 73ms
[19:42:16] [Render thread/INFO] [ColorManager] Loaded color palette for 829 blockstates in 76ms
[19:42:16] [Render thread/INFO] [ColorManager] Loaded color palette for 829 blockstates in 78ms
[19:42:16] [Render thread/INFO] [ColorManager] Loaded color palette for 829 blockstates in 77ms
[19:42:16] [Render thread/INFO] [ColorManager] Loaded color palette for 829 blockstates in 79ms
[19:42:16] [Render thread/INFO] [ColorManager] Loaded color palette for 829 blockstates in 95ms
[19:43:08] [Render thread/INFO] [JourneymapClient] World UID is set to: 225ae1a6-93d3-4b59-9e9b-e6568c90ce81
[19:43:14] [Render thread/INFO] [ChatLog] 
[19:43:16] [Render thread/INFO] [WaypointStore] Loaded 7 waypoints from D:\Personal\1-Interesante\Curseforge\Instances\222\journeymap\data\mp\Servidor~de~Minecraft_225ae1a6~93d3~4b59~9e9b~e6568c90ce81\waypoints
[19:43:16] [Render thread/INFO] [JourneymapClient] Mapping started in D:\Personal\1-Interesante\Curseforge\Instances\222\journeymap\data\mp\Servidor~de~Minecraft_225ae1a6~93d3~4b59~9e9b~e6568c90ce81\overworld. Memory: 2300MB total, 242MB free 
[19:52:17] [Render thread/INFO] [DeathPointHandler] Uzeka died at class_2338{x=695, y=110, z=816}. Deathpoints enabled: true. Deathpoint created: true
[19:58:25] [Render thread/INFO] [JourneymapClient] Mapping halted in D:\Personal\1-Interesante\Curseforge\Instances\222\journeymap\data\mp\Servidor~de~Minecraft_225ae1a6~93d3~4b59~9e9b~e6568c90ce81\minecraft:overworld
[19:58:29] [Render thread/INFO] [WaypointStore] Loaded 5 waypoints from D:\Personal\1-Interesante\Curseforge\Instances\222\journeymap\data\mp\Servidor~de~Minecraft_225ae1a6~93d3~4b59~9e9b~e6568c90ce81\waypoints
[19:58:29] [Render thread/INFO] [JourneymapClient] Mapping started in D:\Personal\1-Interesante\Curseforge\Instances\222\journeymap\data\mp\Servidor~de~Minecraft_225ae1a6~93d3~4b59~9e9b~e6568c90ce81\the_nether. Memory: 2300MB total, 182MB free 
[20:13:15] [Render thread/INFO] [JourneymapClient] Mapping halted in D:\Personal\1-Interesante\Curseforge\Instances\222\journeymap\data\mp\Servidor~de~Minecraft_225ae1a6~93d3~4b59~9e9b~e6568c90ce81\minecraft:the_nether
[20:13:25] [Render thread/INFO] [WaypointStore] Loaded 5 waypoints from D:\Personal\1-Interesante\Curseforge\Instances\222\journeymap\data\mp\Servidor~de~Minecraft_225ae1a6~93d3~4b59~9e9b~e6568c90ce81\waypoints
[20:13:26] [Render thread/INFO] [JourneymapClient] Mapping started in D:\Personal\1-Interesante\Curseforge\Instances\222\journeymap\data\mp\Servidor~de~Minecraft_225ae1a6~93d3~4b59~9e9b~e6568c90ce81\overworld. Memory: 2300MB total, 71MB free 
[20:13:27] [Render thread/INFO] [DeathPointHandler] Uzeka died at class_2338{x=671, y=90, z=862}. Deathpoints enabled: true. Deathpoint created: true
[20:15:45] [Render thread/WARN] [JMLogger] Can't get entityTexture for goodall:textures/entity_icon/seal.png
[20:15:45] [Render thread/WARN] [JMLogger] Can't get entityTexture for lilwings:textures/entity_icon/aponi.png
[20:53:29] [Render thread/INFO] [DeathPointHandler] Uzeka died at class_2338{x=1161, y=13, z=1103}. Deathpoints enabled: true. Deathpoint created: true
[21:28:13] [Render thread/WARN] [JMLogger] Can't get entityTexture for goodall:textures/entity_icon/seal_sleeping.png
[21:33:28] [Render thread/INFO] [DeathPointHandler] Uzeka died at class_2338{x=-523, y=68, z=-2028}. Deathpoints enabled: true. Deathpoint created: true
[21:47:00] [Render thread/INFO] [DeathPointHandler] Uzeka died at class_2338{x=683, y=99, z=867}. Deathpoints enabled: true. Deathpoint created: true
[21:48:10] [IO-Worker-370/ERROR] [CacheFileStorage] Error reading chunk for ChunkPos [-32, -129]
[21:48:10] [IO-Worker-370/ERROR] [CacheFileStorage] Error reading chunk for ChunkPos [-30, -129]
[21:54:09] [Render thread/WARN] [JMLogger] Can't get entityTexture for friendsandfoes:textures/entity_icon/glare/glare.png
[21:54:09] [Render thread/WARN] [JMLogger] Can't get entityTexture for promenade:textures/entity_icon/lush_creeper/base.png
[21:54:09] [Render thread/WARN] [JMLogger] Can't get entityTexture for creeperoverhaul:textures/entity_icon/plains/plains_creeper.png
[21:55:10] [Render thread/INFO] [DeathPointHandler] Uzeka died at class_2338{x=-486, y=-11, z=-2078}. Deathpoints enabled: true. Deathpoint created: true
[22:03:30] [Render thread/INFO] [DeathPointHandler] Uzeka died at class_2338{x=-430, y=-14, z=-2091}. Deathpoints enabled: true. Deathpoint created: true
[22:15:04] [Render thread/INFO] [DeathPointHandler] Uzeka died at class_2338{x=-1294, y=70, z=-1946}. Deathpoints enabled: true. Deathpoint created: true
[22:15:14] [IO-Worker-475/ERROR] [CacheFileStorage] Error reading chunk for ChunkPos [-33, -125]
[22:15:15] [IO-Worker-478/ERROR] [CacheFileStorage] Error reading chunk for ChunkPos [-33, -130]
[22:15:15] [IO-Worker-475/ERROR] [CacheFileStorage] Error reading chunk for ChunkPos [-33, -131]
[22:19:37] [IO-Worker-503/ERROR] [CacheFileStorage] Error reading chunk for ChunkPos [-35, -130]
[22:19:51] [Render thread/WARN] [JMLogger] Can't get entityTexture for dinocraft:textures/entity_icon/mosasaurus.png
[22:24:24] [Render thread/WARN] [JMLogger] Can't get entityTexture for unvotedandshelved:textures/entity_icon/glare/glare_grumpy.png
[22:29:24] [Render thread/INFO] [JourneymapClient] Mapping halted in D:\Personal\1-Interesante\Curseforge\Instances\222\journeymap\data\mp\Servidor~de~Minecraft_225ae1a6~93d3~4b59~9e9b~e6568c90ce81\minecraft:overworld
[22:29:30] [Render thread/INFO] [MappingMonitorTask] World ID has been reset.
[22:29:30] [Render thread/INFO] [JourneymapClient] World UID is set to: null
[22:29:40] [Render thread/INFO] [WaypointStore] Loaded 0 waypoints from D:\Personal\1-Interesante\Curseforge\Instances\222\journeymap\data\mp\a\waypoints
[22:29:42] [Render thread/INFO] [JourneymapClient] Mapping started in D:\Personal\1-Interesante\Curseforge\Instances\222\journeymap\data\mp\a\overworld. Memory: 2300MB total, 98MB free 
[22:30:03] [Render thread/INFO] [JourneymapClient] Mapping halted in D:\Personal\1-Interesante\Curseforge\Instances\222\journeymap\data\mp\a\minecraft:overworld
[22:30:03] [Render thread/INFO] [JourneymapClient] World UID is set to: 225ae1a6-93d3-4b59-9e9b-e6568c90ce81
[22:30:06] [Render thread/INFO] [WaypointStore] Loaded 6 waypoints from D:\Personal\1-Interesante\Curseforge\Instances\222\journeymap\data\mp\a_225ae1a6~93d3~4b59~9e9b~e6568c90ce81\waypoints
[22:30:06] [Render thread/INFO] [JourneymapClient] Mapping started in D:\Personal\1-Interesante\Curseforge\Instances\222\journeymap\data\mp\a_225ae1a6~93d3~4b59~9e9b~e6568c90ce81\overworld. Memory: 2300MB total, 76MB free 
[22:31:45] [Render thread/INFO] [JourneymapClient] Mapping halted in D:\Personal\1-Interesante\Curseforge\Instances\222\journeymap\data\mp\a_225ae1a6~93d3~4b59~9e9b~e6568c90ce81\minecraft:overworld
